\BOOKMARK [1][-]{section.1}{Introduction}{}% 1
\BOOKMARK [2][-]{subsection.1.1}{Introduction}{section.1}% 2
\BOOKMARK [2][-]{subsection.1.2}{Fundamental Assumptions}{section.1}% 3
\BOOKMARK [1][-]{section.2}{Theory Methodology}{}% 4
\BOOKMARK [2][-]{subsection.2.1}{Artificial Neural Network}{section.2}% 5
\BOOKMARK [1][-]{section.3}{The Models}{}% 6
\BOOKMARK [2][-]{subsection.3.1}{WCI Measurement Model}{section.3}% 7
\BOOKMARK [3][-]{subsubsection.3.1.1}{Calculation}{subsection.3.1}% 8
\BOOKMARK [3][-]{subsubsection.3.1.2}{Evaluation Standard}{subsection.3.1}% 9
\BOOKMARK [2][-]{subsection.3.2}{Natural Renewable Water Supply Model}{section.3}% 10
\BOOKMARK [3][-]{subsubsection.3.2.1}{Natural Renewable Water Supply}{subsection.3.2}% 11
\BOOKMARK [3][-]{subsubsection.3.2.2}{Variable Prediction}{subsection.3.2}% 12
\BOOKMARK [2][-]{subsection.3.3}{Water Demand Model}{section.3}% 13
\BOOKMARK [3][-]{subsubsection.3.3.1}{Water Demand}{subsection.3.3}% 14
\BOOKMARK [3][-]{subsubsection.3.3.2}{Variable Prediction}{subsection.3.3}% 15
\BOOKMARK [2][-]{subsection.3.4}{model summary and criteria for water scarcity}{section.3}% 16
\BOOKMARK [1][-]{section.4}{Analysis of water availability in specific region}{}% 17
\BOOKMARK [2][-]{subsection.4.1}{Historical and current situation}{section.4}% 18
\BOOKMARK [1][-]{section.5}{The Model Results}{}% 19
\BOOKMARK [1][-]{section.6}{Validating the Model}{}% 20
\BOOKMARK [1][-]{section.7}{Conclusions}{}% 21
\BOOKMARK [1][-]{section.8}{A Summary}{}% 22
\BOOKMARK [1][-]{section.9}{Evaluate of the Mode}{}% 23
\BOOKMARK [1][-]{section.10}{Strengths and weaknesses}{}% 24
\BOOKMARK [2][-]{subsection.10.1}{Strengths}{section.10}% 25
